242 nets failed to route:
 _414_
 _416_
 _352_
 _754_[6]
 _618_
 _609_
 _540_
 Yin[11]
 _608_
 _565_
 _362_
 _601_
 _735_
 _136_
 _590_
 _139_
 y[10]
 Cin[7]
 _435_
 _753_[9]
 _497_
 _422_
 _415_
 Xin[7]
 _131_
 _246_
 _235_
 _226_
 _229_
 _427_
 _640_
 _447_
 _147_
 _233_
 _82_
 _116_
 _120_
 Xin_3_bF$buf1
 _61_
 _121_
 _493_
 _746_
 _59_
 Cin[6]
 Xin[2]
 _45_
 _337_
 _253_
 _250_
 _152_
 _331_
 _36_
 _577_
 _446_
 _410_
 _489_
 _428_
 _336_
 _426_
 _172_
 _252_
 _151_
 _236_
 _99_
 _103_
 _191_
 Xin[3]
 _190_
 _451_
 _443_
 _311_
 _77_
 _171_
 _158_
 _183_
 _146_
 Cin[0]
 _201_
 _189_
 _720_
 clk_bF$buf1
 _674_
 _693_
 _570_
 _586_
 Yin[10]
 _651_
 _663_
 _634_
 _668_
 _613_
 _621_
 _572_
 _527_
 _552_
 y[15]
 _681_
 _479_
 _207_
 _404_
 _329_
 _322_
 _438_
 _217_
 _292_
 Cin[4]
 _140_
 _150_
 _223_
 _281_
 _290_
 _315_
 Cin[3]
 _79_
 _15_
 _95_
 _1_
 _30_
 _354_
 _239_
 _231_
 _16_
 _620_
 _314_
 _482_
 clk_bF$buf2
 _89_
 _494_
 Yin[3]
 _305_
 _85_
 _585_
 _266_
 _745_
 _72_
 _742_
 _64_
 _70_
 _129_
 Xin[1]
 _461_
 _182_
 _80_
 Yin[8]
 _168_
 _381_
 Cin_0_bF$buf1
 _169_
 _320_
 Xin[7]
 _740_
 clk_bF$buf5
 _227_
 _568_
 _542_
 _696_
 _628_
 _723_
 _662_
 _753_[15]
 _597_
 _535_
 _323_
 _611_
 _546_
 _454_
 _753_[10]
 _532_
 _536_
 Cin[6]
 _610_
 _126_
 _48_
 Xin[0]
 _460_
 _44_
 _340_
 _432_
 _327_
 _333_
 _241_
 _307_
 _200_
 _112_
 _297_
 _218_
 _492_
 _230_
 _325_
 _240_
 _143_
 _501_
 _516_
 _510_
 _369_
 _412_
 _544_
 _495_
 Cin[5]
 _505_
 _753_[11]
 _455_
 _468_
 _359_
 _393_
 _395_
 Cin[2]
 _403_
 _392_
 _376_
 _52_
 _127_
 _123_
 _115_
 _81_
 _732_
 _353_
 Cin[3]
 Xin_5_bF$buf2
 _550_
 _648_
 _682_
 _712_
 _700_
 _654_
 _358_
 _487_
 _271_
 _177_
 _174_
 _390_
 _285_
 _254_
 _279_
 _276_
 _257_
 _167_
 _470_
 _380_
 _747_
 _604_
 Xin[6]
