Qflow migration logfile created on Tue Mar 26 16:29:29 KST 2024
magic -dnull -noconsole  migrate_fir_pe.tcl

Magic 8.3 revision 462 - Compiled on Wed Feb 28 06:26:48 KST 2024.
Starting magic under Tcl interpreter
Using the terminal as the console.
Using NULL graphics device.
Processing system .magicrc file
Input style lambda=0.30(p): scaleFactor=30, multiplier=1
Contact size value ignored (using GDS generation rules).
Contact size value ignored (using GDS generation rules).
Contact size value ignored (using GDS generation rules).
Contact size value ignored (using GDS generation rules).
Contact size value ignored (using GDS generation rules).
Contact size value ignored (using GDS generation rules).
The following types are not handled by extraction and will be treated as non-electrical types:
    n_field_implant p_field_implant nselect pselect glass filln filla fillb xp m1p m2p m3p comment bb 
2 Magic internal units = 1 Lambda
Loading "migrate_fir_pe.tcl" from command line.
Root cell box:
           width x height  (   llx,  lly  ), (   urx,  ury  )

microns:   0.000 x 0.000   ( 0.000,  0.000), ( 0.000,  0.000)
lambda:     0.00 x 0.00    (  0.00,  0.00 ), (  0.00,  0.00 )
internal:      0 x 0       (     0,  0    ), (     0,  0    )
Reading LEF data from file /usr/local/share/qflow/tech/etri050/etri050_stdcells.lef.
This action cannot be undone.
LEF read: Processed 3327 lines.
Reading DEF data from file fir_pe.def.
This action cannot be undone.
DEF read, Line 13 (Error): END statement out of context.
  Processed 4324 subcell instances total.
  Processed 59 pins total.
  Processed 879 nets total.
DEF read, Line 16479 (Warning): Number of nets read (403) does not match the number declared (405).
DEF read: Processed 16481 lines.
DEF Read: encountered 1 error total.
DEF Read: encountered 1 warning total.
Generating LEF output fir_pe.lef for cell fir_pe:
Diagnostic:  Write LEF header for cell fir_pe
Diagnostic:  Writing LEF output for cell fir_pe
Diagnostic:  Scale value is 0.150000
Extracting FILL into FILL.ext:
Extracting INVX1 into INVX1.ext:
Extracting NAND2X1 into NAND2X1.ext:
Extracting OR2X2 into OR2X2.ext:
Extracting OAI21X1 into OAI21X1.ext:
Extracting NOR2X1 into NOR2X1.ext:
Extracting NAND3X1 into NAND3X1.ext:
Extracting AOI21X1 into AOI21X1.ext:
Extracting XOR2X1 into XOR2X1.ext:
Extracting DFFPOSX1 into DFFPOSX1.ext:
Extracting BUFX2 into BUFX2.ext:
Extracting AND2X2 into AND2X2.ext:
Extracting XNOR2X1 into XNOR2X1.ext:
Extracting AOI22X1 into AOI22X1.ext:
Extracting NOR3X1 into NOR3X1.ext:
Extracting OAI22X1 into OAI22X1.ext:
Extracting INVX2 into INVX2.ext:
Extracting CLKBUF1 into CLKBUF1.ext:
Extracting fir_pe into fir_pe.ext:
exttospice finished.
Migration script ended on Tue Mar 26 16:29:31 KST 2024
